<?xml version="1.0" encoding="utf-8"?><testsuites name="pytest tests"><testsuite name="pytest" errors="0" failures="0" skipped="0" tests="37" time="8.309" timestamp="2026-05-08T17:01:38.638803+00:00" hostname="agent-env-1c754cab-0442-499b-8945-47f31bb8a828"><testcase classname="backend.tests.test_agendapro.TestHealth" name="test_root" time="0.143" /><testcase classname="backend.tests.test_agendapro.TestAuth" name="test_register_duplicate" time="0.502" /><testcase classname="backend.tests.test_agendapro.TestAuth" name="test_login_success" time="0.344" /><testcase classname="backend.tests.test_agendapro.TestAuth" name="test_login_wrong_password" time="0.358" /><testcase classname="backend.tests.test_agendapro.TestAuth" name="test_me_with_bearer" time="0.154" /><testcase classname="backend.tests.test_agendapro.TestAuth" name="test_me_unauthenticated" time="0.127" /><testcase classname="backend.tests.test_agendapro.TestServices" name="test_customer_cannot_create_service" time="0.120" /><testcase classname="backend.tests.test_agendapro.TestServices" name="test_provider_create_service" time="0.623" /><testcase classname="backend.tests.test_agendapro.TestServices" name="test_list_services_filters" time="0.722" /><testcase classname="backend.tests.test_agendapro.TestServices" name="test_update_service" time="0.250" /><testcase classname="backend.tests.test_agendapro.TestServices" name="test_update_service_non_owner" time="0.481" /><testcase classname="backend.tests.test_agendapro.TestAvailabilityAndSlots" name="test_set_availability" time="0.273" /><testcase classname="backend.tests.test_agendapro.TestAvailabilityAndSlots" name="test_customer_cannot_set_availability" time="0.125" /><testcase classname="backend.tests.test_agendapro.TestAvailabilityAndSlots" name="test_get_slots_future" time="0.129" /><testcase classname="backend.tests.test_agendapro.TestAvailabilityAndSlots" name="test_get_slots_past_date" time="0.142" /><testcase classname="backend.tests.test_agendapro.TestAvailabilityAndSlots" name="test_get_slots_invalid_date" time="0.134" /><testcase classname="backend.tests.test_agendapro.TestAppointments" name="test_provider_cannot_create_appointment" time="0.129" /><testcase classname="backend.tests.test_agendapro.TestAppointments" name="test_create_appointment" time="0.141" /><testcase classname="backend.tests.test_agendapro.TestAppointments" name="test_slot_no_longer_available" time="0.272" /><testcase classname="backend.tests.test_agendapro.TestAppointments" name="test_list_customer_appointments" time="0.138" /><testcase classname="backend.tests.test_agendapro.TestAppointments" name="test_list_provider_appointments" time="0.130" /><testcase classname="backend.tests.test_agendapro.TestAppointments" name="test_customer_cannot_confirm" time="0.155" /><testcase classname="backend.tests.test_agendapro.TestAppointments" name="test_provider_confirm" time="0.141" /><testcase classname="backend.tests.test_agendapro.TestAppointments" name="test_reschedule" time="0.165" /><testcase classname="backend.tests.test_agendapro.TestAppointments" name="test_reschedule_unavailable" time="0.139" /><testcase classname="backend.tests.test_agendapro.TestAppointments" name="test_stranger_cannot_cancel" time="0.481" /><testcase classname="backend.tests.test_agendapro.TestAppointments" name="test_complete_appointment" time="0.186" /><testcase classname="backend.tests.test_agendapro.TestAppointments" name="test_cancel_after_completed_fails" time="0.134" /><testcase classname="backend.tests.test_agendapro.TestReviews" name="test_create_review" time="0.134" /><testcase classname="backend.tests.test_agendapro.TestReviews" name="test_one_review_per_appointment" time="0.146" /><testcase classname="backend.tests.test_agendapro.TestReviews" name="test_provider_cannot_review" time="0.137" /><testcase classname="backend.tests.test_agendapro.TestReviews" name="test_list_provider_reviews" time="0.173" /><testcase classname="backend.tests.test_agendapro.TestReviews" name="test_list_service_reviews" time="0.144" /><testcase classname="backend.tests.test_agendapro.TestReviews" name="test_service_rating_updated" time="0.117" /><testcase classname="backend.tests.test_agendapro.TestStats" name="test_provider_stats" time="0.138" /><testcase classname="backend.tests.test_agendapro.TestStats" name="test_customer_cannot_get_stats" time="0.159" /><testcase classname="backend.tests.test_agendapro.TestZServiceDeletion" name="test_delete_service" time="0.254" /></testsuite></testsuites>